INFO - 2024-01-04 11:44:52 --> Session: Class initialized using 'CodeIgniter\Session\Handlers\FileHandler' driver.
INFO - 2024-01-04 11:44:53 --> Session: Class initialized using 'CodeIgniter\Session\Handlers\FileHandler' driver.
INFO - 2024-01-04 11:44:54 --> Session: Class initialized using 'CodeIgniter\Session\Handlers\FileHandler' driver.
INFO - 2024-01-04 11:44:54 --> Session: Class initialized using 'CodeIgniter\Session\Handlers\FileHandler' driver.
INFO - 2024-01-04 11:44:59 --> Session: Class initialized using 'CodeIgniter\Session\Handlers\FileHandler' driver.
INFO - 2024-01-04 11:44:59 --> Session: Class initialized using 'CodeIgniter\Session\Handlers\FileHandler' driver.
INFO - 2024-01-04 11:45:00 --> Session: Class initialized using 'CodeIgniter\Session\Handlers\FileHandler' driver.
INFO - 2024-01-04 11:45:03 --> Session: Class initialized using 'CodeIgniter\Session\Handlers\FileHandler' driver.
INFO - 2024-01-04 11:45:03 --> Session: Class initialized using 'CodeIgniter\Session\Handlers\FileHandler' driver.
INFO - 2024-01-04 11:45:05 --> Session: Class initialized using 'CodeIgniter\Session\Handlers\FileHandler' driver.
INFO - 2024-01-04 11:45:05 --> Session: Class initialized using 'CodeIgniter\Session\Handlers\FileHandler' driver.
INFO - 2024-01-04 11:45:06 --> Session: Class initialized using 'CodeIgniter\Session\Handlers\FileHandler' driver.
INFO - 2024-01-04 11:45:07 --> Session: Class initialized using 'CodeIgniter\Session\Handlers\FileHandler' driver.
INFO - 2024-01-04 11:45:13 --> Session: Class initialized using 'CodeIgniter\Session\Handlers\FileHandler' driver.
CRITICAL - 2024-01-04 11:45:13 --> Call to undefined method App\Models\M_distribusi::getStockQuantity
in SYSTEMPATH\Model.php on line 873.
 1 APPPATH\Controllers\Mutation.php(47): CodeIgniter\Model->__call('getStockQuantity', [...])
 2 SYSTEMPATH\CodeIgniter.php(942): App\Controllers\Mutation->add()
 3 SYSTEMPATH\CodeIgniter.php(502): CodeIgniter\CodeIgniter->runController(Object(App\Controllers\Mutation))
 4 SYSTEMPATH\CodeIgniter.php(361): CodeIgniter\CodeIgniter->handleRequest(null, Object(Config\Cache), false)
 5 FCPATH\index.php(79): CodeIgniter\CodeIgniter->run()
 6 SYSTEMPATH\Commands\Server\rewrite.php(47): require_once('C:\\MAMP\\htdocs\\stok_gudang\\public\\index.php')
INFO - 2024-01-04 11:45:23 --> Session: Class initialized using 'CodeIgniter\Session\Handlers\FileHandler' driver.
INFO - 2024-01-04 11:45:23 --> Session: Class initialized using 'CodeIgniter\Session\Handlers\FileHandler' driver.
INFO - 2024-01-04 11:46:29 --> Session: Class initialized using 'CodeIgniter\Session\Handlers\FileHandler' driver.
INFO - 2024-01-04 11:46:29 --> Session: Class initialized using 'CodeIgniter\Session\Handlers\FileHandler' driver.
INFO - 2024-01-04 11:46:31 --> Session: Class initialized using 'CodeIgniter\Session\Handlers\FileHandler' driver.
INFO - 2024-01-04 11:46:32 --> Session: Class initialized using 'CodeIgniter\Session\Handlers\FileHandler' driver.
INFO - 2024-01-04 11:46:33 --> Session: Class initialized using 'CodeIgniter\Session\Handlers\FileHandler' driver.
CRITICAL - 2024-01-04 11:46:33 --> Call to undefined method App\Models\M_distribusi::getStockQuantity
in SYSTEMPATH\Model.php on line 873.
 1 APPPATH\Controllers\Mutation.php(47): CodeIgniter\Model->__call('getStockQuantity', [...])
 2 SYSTEMPATH\CodeIgniter.php(942): App\Controllers\Mutation->add()
 3 SYSTEMPATH\CodeIgniter.php(502): CodeIgniter\CodeIgniter->runController(Object(App\Controllers\Mutation))
 4 SYSTEMPATH\CodeIgniter.php(361): CodeIgniter\CodeIgniter->handleRequest(null, Object(Config\Cache), false)
 5 FCPATH\index.php(79): CodeIgniter\CodeIgniter->run()
 6 SYSTEMPATH\Commands\Server\rewrite.php(47): require_once('C:\\MAMP\\htdocs\\stok_gudang\\public\\index.php')
INFO - 2024-01-04 11:47:16 --> Session: Class initialized using 'CodeIgniter\Session\Handlers\FileHandler' driver.
CRITICAL - 2024-01-04 11:47:16 --> Call to undefined method App\Models\M_distribusi::getStockQuantity
in SYSTEMPATH\Model.php on line 873.
 1 APPPATH\Controllers\Mutation.php(47): CodeIgniter\Model->__call('getStockQuantity', [...])
 2 SYSTEMPATH\CodeIgniter.php(942): App\Controllers\Mutation->add()
 3 SYSTEMPATH\CodeIgniter.php(502): CodeIgniter\CodeIgniter->runController(Object(App\Controllers\Mutation))
 4 SYSTEMPATH\CodeIgniter.php(361): CodeIgniter\CodeIgniter->handleRequest(null, Object(Config\Cache), false)
 5 FCPATH\index.php(79): CodeIgniter\CodeIgniter->run()
 6 SYSTEMPATH\Commands\Server\rewrite.php(47): require_once('C:\\MAMP\\htdocs\\stok_gudang\\public\\index.php')
INFO - 2024-01-04 12:25:16 --> Session: Class initialized using 'CodeIgniter\Session\Handlers\FileHandler' driver.
INFO - 2024-01-04 12:25:16 --> Session: Class initialized using 'CodeIgniter\Session\Handlers\FileHandler' driver.
INFO - 2024-01-04 12:25:19 --> Session: Class initialized using 'CodeIgniter\Session\Handlers\FileHandler' driver.
INFO - 2024-01-04 12:25:19 --> Session: Class initialized using 'CodeIgniter\Session\Handlers\FileHandler' driver.
INFO - 2024-01-04 12:25:21 --> Session: Class initialized using 'CodeIgniter\Session\Handlers\FileHandler' driver.
INFO - 2024-01-04 12:25:22 --> Session: Class initialized using 'CodeIgniter\Session\Handlers\FileHandler' driver.
INFO - 2024-01-04 12:25:23 --> Session: Class initialized using 'CodeIgniter\Session\Handlers\FileHandler' driver.
CRITICAL - 2024-01-04 12:25:23 --> Too few arguments to function App\Models\M_distribusi::getStockQuantity(), 1 passed in C:\MAMP\htdocs\stok_gudang\app\Controllers\Mutation.php on line 47 and exactly 3 expected
in APPPATH\Models\M_distribusi.php on line 136.
 1 APPPATH\Controllers\Mutation.php(47): App\Models\M_distribusi->getStockQuantity(null)
 2 SYSTEMPATH\CodeIgniter.php(942): App\Controllers\Mutation->add()
 3 SYSTEMPATH\CodeIgniter.php(502): CodeIgniter\CodeIgniter->runController(Object(App\Controllers\Mutation))
 4 SYSTEMPATH\CodeIgniter.php(361): CodeIgniter\CodeIgniter->handleRequest(null, Object(Config\Cache), false)
 5 FCPATH\index.php(79): CodeIgniter\CodeIgniter->run()
 6 SYSTEMPATH\Commands\Server\rewrite.php(47): require_once('C:\\MAMP\\htdocs\\stok_gudang\\public\\index.php')
INFO - 2024-01-04 12:26:15 --> Session: Class initialized using 'CodeIgniter\Session\Handlers\FileHandler' driver.
CRITICAL - 2024-01-04 12:26:15 --> Too few arguments to function App\Models\M_distribusi::getStockQuantity(), 1 passed in C:\MAMP\htdocs\stok_gudang\app\Controllers\Mutation.php on line 47 and at least 2 expected
in APPPATH\Models\M_distribusi.php on line 136.
 1 APPPATH\Controllers\Mutation.php(47): App\Models\M_distribusi->getStockQuantity(null)
 2 SYSTEMPATH\CodeIgniter.php(942): App\Controllers\Mutation->add()
 3 SYSTEMPATH\CodeIgniter.php(502): CodeIgniter\CodeIgniter->runController(Object(App\Controllers\Mutation))
 4 SYSTEMPATH\CodeIgniter.php(361): CodeIgniter\CodeIgniter->handleRequest(null, Object(Config\Cache), false)
 5 FCPATH\index.php(79): CodeIgniter\CodeIgniter->run()
 6 SYSTEMPATH\Commands\Server\rewrite.php(47): require_once('C:\\MAMP\\htdocs\\stok_gudang\\public\\index.php')
INFO - 2024-01-04 12:27:27 --> Session: Class initialized using 'CodeIgniter\Session\Handlers\FileHandler' driver.
CRITICAL - 2024-01-04 12:27:27 --> Too few arguments to function App\Models\M_distribusi::getStockQuantity(), 1 passed in C:\MAMP\htdocs\stok_gudang\app\Controllers\Mutation.php on line 47 and exactly 2 expected
in APPPATH\Models\M_distribusi.php on line 136.
 1 APPPATH\Controllers\Mutation.php(47): App\Models\M_distribusi->getStockQuantity(null)
 2 SYSTEMPATH\CodeIgniter.php(942): App\Controllers\Mutation->add()
 3 SYSTEMPATH\CodeIgniter.php(502): CodeIgniter\CodeIgniter->runController(Object(App\Controllers\Mutation))
 4 SYSTEMPATH\CodeIgniter.php(361): CodeIgniter\CodeIgniter->handleRequest(null, Object(Config\Cache), false)
 5 FCPATH\index.php(79): CodeIgniter\CodeIgniter->run()
 6 SYSTEMPATH\Commands\Server\rewrite.php(47): require_once('C:\\MAMP\\htdocs\\stok_gudang\\public\\index.php')
INFO - 2024-01-04 12:27:45 --> Session: Class initialized using 'CodeIgniter\Session\Handlers\FileHandler' driver.
CRITICAL - 2024-01-04 12:27:45 --> Too few arguments to function App\Models\M_distribusi::getStockQuantity(), 1 passed in C:\MAMP\htdocs\stok_gudang\app\Controllers\Mutation.php on line 47 and exactly 2 expected
in APPPATH\Models\M_distribusi.php on line 136.
 1 APPPATH\Controllers\Mutation.php(47): App\Models\M_distribusi->getStockQuantity(null)
 2 SYSTEMPATH\CodeIgniter.php(942): App\Controllers\Mutation->add()
 3 SYSTEMPATH\CodeIgniter.php(502): CodeIgniter\CodeIgniter->runController(Object(App\Controllers\Mutation))
 4 SYSTEMPATH\CodeIgniter.php(361): CodeIgniter\CodeIgniter->handleRequest(null, Object(Config\Cache), false)
 5 FCPATH\index.php(79): CodeIgniter\CodeIgniter->run()
 6 SYSTEMPATH\Commands\Server\rewrite.php(47): require_once('C:\\MAMP\\htdocs\\stok_gudang\\public\\index.php')
INFO - 2024-01-04 12:30:16 --> Session: Class initialized using 'CodeIgniter\Session\Handlers\FileHandler' driver.
ERROR - 2024-01-04 12:30:16 --> mysqli_sql_exception: Unknown column 'tbl_distribusi_produk' in 'field list' in C:\MAMP\htdocs\stok_gudang\system\Database\MySQLi\Connection.php:306
Stack trace:
#0 C:\MAMP\htdocs\stok_gudang\system\Database\MySQLi\Connection.php(306): mysqli->query('SELECT `tbl_dis...', 0)
#1 C:\MAMP\htdocs\stok_gudang\system\Database\BaseConnection.php(693): CodeIgniter\Database\MySQLi\Connection->execute('SELECT `tbl_dis...')
#2 C:\MAMP\htdocs\stok_gudang\system\Database\BaseConnection.php(607): CodeIgniter\Database\BaseConnection->simpleQuery('SELECT `tbl_dis...')
#3 C:\MAMP\htdocs\stok_gudang\system\Database\BaseBuilder.php(1615): CodeIgniter\Database\BaseConnection->query('SELECT `tbl_dis...', Array, false)
#4 C:\MAMP\htdocs\stok_gudang\system\Model.php(871): CodeIgniter\Database\BaseBuilder->get()
#5 C:\MAMP\htdocs\stok_gudang\app\Models\M_distribusi.php(142): CodeIgniter\Model->__call('get', Array)
#6 C:\MAMP\htdocs\stok_gudang\app\Controllers\Mutation.php(47): App\Models\M_distribusi->getStockQuantity(NULL, NULL)
#7 C:\MAMP\htdocs\stok_gudang\system\CodeIgniter.php(942): App\Controllers\Mutation->add()
#8 C:\MAMP\htdocs\stok_gudang\system\CodeIgniter.php(502): CodeIgniter\CodeIgniter->runController(Object(App\Controllers\Mutation))
#9 C:\MAMP\htdocs\stok_gudang\system\CodeIgniter.php(361): CodeIgniter\CodeIgniter->handleRequest(NULL, Object(Config\Cache), false)
#10 C:\MAMP\htdocs\stok_gudang\public\index.php(79): CodeIgniter\CodeIgniter->run()
#11 C:\MAMP\htdocs\stok_gudang\system\Commands\Server\rewrite.php(47): require_once('C:\\MAMP\\htdocs\\...')
#12 {main}
CRITICAL - 2024-01-04 12:30:16 --> Unknown column 'tbl_distribusi_produk' in 'field list'
in SYSTEMPATH\Database\BaseConnection.php on line 647.
 1 SYSTEMPATH\Database\BaseBuilder.php(1615): CodeIgniter\Database\BaseConnection->query('SELECT `tbl_distribusi_produk`
FROM `tbl_distribusi_produk`
WHERE `id_produk` IS NULL
AND `id_cabang` IS NULL', [], false)
 2 SYSTEMPATH\Model.php(871): CodeIgniter\Database\BaseBuilder->get()
 3 APPPATH\Models\M_distribusi.php(142): CodeIgniter\Model->__call('get', [])
 4 APPPATH\Controllers\Mutation.php(47): App\Models\M_distribusi->getStockQuantity(null, null)
 5 SYSTEMPATH\CodeIgniter.php(942): App\Controllers\Mutation->add()
 6 SYSTEMPATH\CodeIgniter.php(502): CodeIgniter\CodeIgniter->runController(Object(App\Controllers\Mutation))
 7 SYSTEMPATH\CodeIgniter.php(361): CodeIgniter\CodeIgniter->handleRequest(null, Object(Config\Cache), false)
 8 FCPATH\index.php(79): CodeIgniter\CodeIgniter->run()
 9 SYSTEMPATH\Commands\Server\rewrite.php(47): require_once('C:\\MAMP\\htdocs\\stok_gudang\\public\\index.php')
INFO - 2024-01-04 12:30:42 --> Session: Class initialized using 'CodeIgniter\Session\Handlers\FileHandler' driver.
INFO - 2024-01-04 12:30:43 --> Session: Class initialized using 'CodeIgniter\Session\Handlers\FileHandler' driver.
INFO - 2024-01-04 12:31:34 --> Session: Class initialized using 'CodeIgniter\Session\Handlers\FileHandler' driver.
INFO - 2024-01-04 12:31:35 --> Session: Class initialized using 'CodeIgniter\Session\Handlers\FileHandler' driver.
INFO - 2024-01-04 12:33:22 --> Session: Class initialized using 'CodeIgniter\Session\Handlers\FileHandler' driver.
INFO - 2024-01-04 12:33:23 --> Session: Class initialized using 'CodeIgniter\Session\Handlers\FileHandler' driver.
INFO - 2024-01-04 12:33:36 --> Session: Class initialized using 'CodeIgniter\Session\Handlers\FileHandler' driver.
INFO - 2024-01-04 12:33:37 --> Session: Class initialized using 'CodeIgniter\Session\Handlers\FileHandler' driver.
INFO - 2024-01-04 12:33:37 --> Session: Class initialized using 'CodeIgniter\Session\Handlers\FileHandler' driver.
INFO - 2024-01-04 12:33:40 --> Session: Class initialized using 'CodeIgniter\Session\Handlers\FileHandler' driver.
INFO - 2024-01-04 12:33:41 --> Session: Class initialized using 'CodeIgniter\Session\Handlers\FileHandler' driver.
INFO - 2024-01-04 12:34:00 --> Session: Class initialized using 'CodeIgniter\Session\Handlers\FileHandler' driver.
INFO - 2024-01-04 12:34:01 --> Session: Class initialized using 'CodeIgniter\Session\Handlers\FileHandler' driver.
INFO - 2024-01-04 12:34:08 --> Session: Class initialized using 'CodeIgniter\Session\Handlers\FileHandler' driver.
INFO - 2024-01-04 12:34:08 --> Session: Class initialized using 'CodeIgniter\Session\Handlers\FileHandler' driver.
INFO - 2024-01-04 12:34:09 --> Session: Class initialized using 'CodeIgniter\Session\Handlers\FileHandler' driver.
INFO - 2024-01-04 12:34:14 --> Session: Class initialized using 'CodeIgniter\Session\Handlers\FileHandler' driver.
INFO - 2024-01-04 12:34:14 --> Session: Class initialized using 'CodeIgniter\Session\Handlers\FileHandler' driver.
INFO - 2024-01-04 12:34:15 --> Session: Class initialized using 'CodeIgniter\Session\Handlers\FileHandler' driver.
INFO - 2024-01-04 12:34:16 --> Session: Class initialized using 'CodeIgniter\Session\Handlers\FileHandler' driver.
INFO - 2024-01-04 12:34:17 --> Session: Class initialized using 'CodeIgniter\Session\Handlers\FileHandler' driver.
INFO - 2024-01-04 12:34:23 --> Session: Class initialized using 'CodeIgniter\Session\Handlers\FileHandler' driver.
INFO - 2024-01-04 12:34:23 --> Session: Class initialized using 'CodeIgniter\Session\Handlers\FileHandler' driver.
INFO - 2024-01-04 12:34:24 --> Session: Class initialized using 'CodeIgniter\Session\Handlers\FileHandler' driver.
INFO - 2024-01-04 12:34:27 --> Session: Class initialized using 'CodeIgniter\Session\Handlers\FileHandler' driver.
INFO - 2024-01-04 12:34:27 --> Session: Class initialized using 'CodeIgniter\Session\Handlers\FileHandler' driver.
INFO - 2024-01-04 12:35:37 --> Session: Class initialized using 'CodeIgniter\Session\Handlers\FileHandler' driver.
INFO - 2024-01-04 12:35:38 --> Session: Class initialized using 'CodeIgniter\Session\Handlers\FileHandler' driver.
INFO - 2024-01-04 12:35:39 --> Session: Class initialized using 'CodeIgniter\Session\Handlers\FileHandler' driver.
INFO - 2024-01-04 12:35:40 --> Session: Class initialized using 'CodeIgniter\Session\Handlers\FileHandler' driver.
INFO - 2024-01-04 12:37:01 --> Session: Class initialized using 'CodeIgniter\Session\Handlers\FileHandler' driver.
INFO - 2024-01-04 12:37:01 --> Session: Class initialized using 'CodeIgniter\Session\Handlers\FileHandler' driver.
INFO - 2024-01-04 12:40:10 --> Session: Class initialized using 'CodeIgniter\Session\Handlers\FileHandler' driver.
INFO - 2024-01-04 12:40:10 --> Session: Class initialized using 'CodeIgniter\Session\Handlers\FileHandler' driver.
INFO - 2024-01-04 12:40:13 --> Session: Class initialized using 'CodeIgniter\Session\Handlers\FileHandler' driver.
INFO - 2024-01-04 12:40:17 --> Session: Class initialized using 'CodeIgniter\Session\Handlers\FileHandler' driver.
INFO - 2024-01-04 12:40:56 --> Session: Class initialized using 'CodeIgniter\Session\Handlers\FileHandler' driver.
ERROR - 2024-01-04 12:40:56 --> mysqli_sql_exception: Unknown column 'stock_quantity' in 'field list' in C:\MAMP\htdocs\stok_gudang\system\Database\MySQLi\Connection.php:306
Stack trace:
#0 C:\MAMP\htdocs\stok_gudang\system\Database\MySQLi\Connection.php(306): mysqli->query('SELECT `stock_q...', 0)
#1 C:\MAMP\htdocs\stok_gudang\system\Database\BaseConnection.php(693): CodeIgniter\Database\MySQLi\Connection->execute('SELECT `stock_q...')
#2 C:\MAMP\htdocs\stok_gudang\system\Database\BaseConnection.php(607): CodeIgniter\Database\BaseConnection->simpleQuery('SELECT `stock_q...')
#3 C:\MAMP\htdocs\stok_gudang\system\Database\BaseBuilder.php(1615): CodeIgniter\Database\BaseConnection->query('SELECT `stock_q...', Array, false)
#4 C:\MAMP\htdocs\stok_gudang\system\Model.php(871): CodeIgniter\Database\BaseBuilder->get()
#5 C:\MAMP\htdocs\stok_gudang\app\Models\M_distribusi.php(141): CodeIgniter\Model->__call('get', Array)
#6 C:\MAMP\htdocs\stok_gudang\app\Controllers\Mutation.php(59): App\Models\M_distribusi->getStockQuantity(NULL, NULL)
#7 C:\MAMP\htdocs\stok_gudang\system\CodeIgniter.php(942): App\Controllers\Mutation->add()
#8 C:\MAMP\htdocs\stok_gudang\system\CodeIgniter.php(502): CodeIgniter\CodeIgniter->runController(Object(App\Controllers\Mutation))
#9 C:\MAMP\htdocs\stok_gudang\system\CodeIgniter.php(361): CodeIgniter\CodeIgniter->handleRequest(NULL, Object(Config\Cache), false)
#10 C:\MAMP\htdocs\stok_gudang\public\index.php(79): CodeIgniter\CodeIgniter->run()
#11 C:\MAMP\htdocs\stok_gudang\system\Commands\Server\rewrite.php(47): require_once('C:\\MAMP\\htdocs\\...')
#12 {main}
CRITICAL - 2024-01-04 12:40:56 --> Unknown column 'stock_quantity' in 'field list'
in SYSTEMPATH\Database\BaseConnection.php on line 647.
 1 SYSTEMPATH\Database\BaseBuilder.php(1615): CodeIgniter\Database\BaseConnection->query('SELECT `stock_quantity`
FROM `tbl_distribusi_produk`
WHERE `id_produk` IS NULL
AND `id_cabang` IS NULL', [], false)
 2 SYSTEMPATH\Model.php(871): CodeIgniter\Database\BaseBuilder->get()
 3 APPPATH\Models\M_distribusi.php(141): CodeIgniter\Model->__call('get', [])
 4 APPPATH\Controllers\Mutation.php(59): App\Models\M_distribusi->getStockQuantity(null, null)
 5 SYSTEMPATH\CodeIgniter.php(942): App\Controllers\Mutation->add()
 6 SYSTEMPATH\CodeIgniter.php(502): CodeIgniter\CodeIgniter->runController(Object(App\Controllers\Mutation))
 7 SYSTEMPATH\CodeIgniter.php(361): CodeIgniter\CodeIgniter->handleRequest(null, Object(Config\Cache), false)
 8 FCPATH\index.php(79): CodeIgniter\CodeIgniter->run()
 9 SYSTEMPATH\Commands\Server\rewrite.php(47): require_once('C:\\MAMP\\htdocs\\stok_gudang\\public\\index.php')
INFO - 2024-01-04 12:41:07 --> Session: Class initialized using 'CodeIgniter\Session\Handlers\FileHandler' driver.
ERROR - 2024-01-04 12:41:07 --> mysqli_sql_exception: Unknown column 'jumlah_distribusi' in 'field list' in C:\MAMP\htdocs\stok_gudang\system\Database\MySQLi\Connection.php:306
Stack trace:
#0 C:\MAMP\htdocs\stok_gudang\system\Database\MySQLi\Connection.php(306): mysqli->query('SELECT `jumlah_...', 0)
#1 C:\MAMP\htdocs\stok_gudang\system\Database\BaseConnection.php(693): CodeIgniter\Database\MySQLi\Connection->execute('SELECT `jumlah_...')
#2 C:\MAMP\htdocs\stok_gudang\system\Database\BaseConnection.php(607): CodeIgniter\Database\BaseConnection->simpleQuery('SELECT `jumlah_...')
#3 C:\MAMP\htdocs\stok_gudang\system\Database\BaseBuilder.php(1615): CodeIgniter\Database\BaseConnection->query('SELECT `jumlah_...', Array, false)
#4 C:\MAMP\htdocs\stok_gudang\system\Model.php(871): CodeIgniter\Database\BaseBuilder->get()
#5 C:\MAMP\htdocs\stok_gudang\app\Models\M_distribusi.php(141): CodeIgniter\Model->__call('get', Array)
#6 C:\MAMP\htdocs\stok_gudang\app\Controllers\Mutation.php(59): App\Models\M_distribusi->getStockQuantity(NULL, NULL)
#7 C:\MAMP\htdocs\stok_gudang\system\CodeIgniter.php(942): App\Controllers\Mutation->add()
#8 C:\MAMP\htdocs\stok_gudang\system\CodeIgniter.php(502): CodeIgniter\CodeIgniter->runController(Object(App\Controllers\Mutation))
#9 C:\MAMP\htdocs\stok_gudang\system\CodeIgniter.php(361): CodeIgniter\CodeIgniter->handleRequest(NULL, Object(Config\Cache), false)
#10 C:\MAMP\htdocs\stok_gudang\public\index.php(79): CodeIgniter\CodeIgniter->run()
#11 C:\MAMP\htdocs\stok_gudang\system\Commands\Server\rewrite.php(47): require_once('C:\\MAMP\\htdocs\\...')
#12 {main}
CRITICAL - 2024-01-04 12:41:07 --> Unknown column 'jumlah_distribusi' in 'field list'
in SYSTEMPATH\Database\BaseConnection.php on line 647.
 1 SYSTEMPATH\Database\BaseBuilder.php(1615): CodeIgniter\Database\BaseConnection->query('SELECT `jumlah_distribusi`
FROM `tbl_distribusi_produk`
WHERE `id_produk` IS NULL
AND `id_cabang` IS NULL', [], false)
 2 SYSTEMPATH\Model.php(871): CodeIgniter\Database\BaseBuilder->get()
 3 APPPATH\Models\M_distribusi.php(141): CodeIgniter\Model->__call('get', [])
 4 APPPATH\Controllers\Mutation.php(59): App\Models\M_distribusi->getStockQuantity(null, null)
 5 SYSTEMPATH\CodeIgniter.php(942): App\Controllers\Mutation->add()
 6 SYSTEMPATH\CodeIgniter.php(502): CodeIgniter\CodeIgniter->runController(Object(App\Controllers\Mutation))
 7 SYSTEMPATH\CodeIgniter.php(361): CodeIgniter\CodeIgniter->handleRequest(null, Object(Config\Cache), false)
 8 FCPATH\index.php(79): CodeIgniter\CodeIgniter->run()
 9 SYSTEMPATH\Commands\Server\rewrite.php(47): require_once('C:\\MAMP\\htdocs\\stok_gudang\\public\\index.php')
INFO - 2024-01-04 12:41:27 --> Session: Class initialized using 'CodeIgniter\Session\Handlers\FileHandler' driver.
DEBUG - 2024-01-04 12:41:27 --> Stock Query: SELECT `jumlah_distribusi_produk`
FROM `tbl_distribusi_produk`
WHERE `id_produk` IS NULL
AND `id_cabang` IS NULL
INFO - 2024-01-04 12:41:27 --> Session: Class initialized using 'CodeIgniter\Session\Handlers\FileHandler' driver.
INFO - 2024-01-04 12:41:30 --> Session: Class initialized using 'CodeIgniter\Session\Handlers\FileHandler' driver.
INFO - 2024-01-04 12:41:31 --> Session: Class initialized using 'CodeIgniter\Session\Handlers\FileHandler' driver.
INFO - 2024-01-04 12:42:19 --> Session: Class initialized using 'CodeIgniter\Session\Handlers\FileHandler' driver.
DEBUG - 2024-01-04 12:42:19 --> Stock Query: SELECT `jumlah_distribusi_produk`
FROM `tbl_distribusi_produk`
WHERE `id_produk` IS NULL
AND `id_cabang` IS NULL
INFO - 2024-01-04 12:42:19 --> Session: Class initialized using 'CodeIgniter\Session\Handlers\FileHandler' driver.
INFO - 2024-01-04 12:42:20 --> Session: Class initialized using 'CodeIgniter\Session\Handlers\FileHandler' driver.
INFO - 2024-01-04 12:42:22 --> Session: Class initialized using 'CodeIgniter\Session\Handlers\FileHandler' driver.
INFO - 2024-01-04 12:51:20 --> Session: Class initialized using 'CodeIgniter\Session\Handlers\FileHandler' driver.
INFO - 2024-01-04 12:51:20 --> Session: Class initialized using 'CodeIgniter\Session\Handlers\FileHandler' driver.
DEBUG - 2024-01-04 12:51:20 --> Stock Query: SELECT `jumlah_distribusi_produk`
FROM `tbl_distribusi_produk`
WHERE `id_produk` IS NULL
AND `id_cabang` IS NULL
CRITICAL - 2024-01-04 12:51:20 --> foreach() argument must be of type array|object, int given
in APPPATH\Views\mutation\v_add.php on line 46.
 1 APPPATH\Views\mutation\v_add.php(46): CodeIgniter\Debug\Exceptions->errorHandler(2, 'foreach() argument must be of type array|object, int given', 'C:\\MAMP\\htdocs\\stok_gudang\\app\\Views\\mutation\\v_add.php', 46)
 2 SYSTEMPATH\View\View.php(228): include('C:\\MAMP\\htdocs\\stok_gudang\\app\\Views\\mutation\\v_add.php')
 3 SYSTEMPATH\View\View.php(231): CodeIgniter\View\View->CodeIgniter\View\{closure}()
 4 SYSTEMPATH\Common.php(1190): CodeIgniter\View\View->render('mutation/v_add', [], true)
 5 APPPATH\Views\layout\v_content.php(3): view('mutation/v_add')
 6 SYSTEMPATH\View\View.php(228): include('C:\\MAMP\\htdocs\\stok_gudang\\app\\Views\\layout\\v_content.php')
 7 SYSTEMPATH\View\View.php(231): CodeIgniter\View\View->CodeIgniter\View\{closure}()
 8 SYSTEMPATH\Common.php(1190): CodeIgniter\View\View->render('layout/v_content', [], true)
 9 APPPATH\Views\layout\v_wrapper.php(5): view('layout/v_content')
10 SYSTEMPATH\View\View.php(228): include('C:\\MAMP\\htdocs\\stok_gudang\\app\\Views\\layout\\v_wrapper.php')
11 SYSTEMPATH\View\View.php(231): CodeIgniter\View\View->CodeIgniter\View\{closure}()
12 SYSTEMPATH\Common.php(1190): CodeIgniter\View\View->render('layout/v_wrapper', [], true)
13 APPPATH\Controllers\Mutation.php(70): view('layout/v_wrapper', [...])
14 SYSTEMPATH\CodeIgniter.php(942): App\Controllers\Mutation->add()
15 SYSTEMPATH\CodeIgniter.php(502): CodeIgniter\CodeIgniter->runController(Object(App\Controllers\Mutation))
16 SYSTEMPATH\CodeIgniter.php(361): CodeIgniter\CodeIgniter->handleRequest(null, Object(Config\Cache), false)
17 FCPATH\index.php(79): CodeIgniter\CodeIgniter->run()
18 SYSTEMPATH\Commands\Server\rewrite.php(47): require_once('C:\\MAMP\\htdocs\\stok_gudang\\public\\index.php')
INFO - 2024-01-04 12:51:51 --> Session: Class initialized using 'CodeIgniter\Session\Handlers\FileHandler' driver.
DEBUG - 2024-01-04 12:51:51 --> Stock Query: SELECT `jumlah_distribusi_produk`
FROM `tbl_distribusi_produk`
WHERE `id_produk` IS NULL
AND `id_cabang` IS NULL
CRITICAL - 2024-01-04 12:51:51 --> foreach() argument must be of type array|object, int given
in APPPATH\Views\mutation\v_add.php on line 46.
 1 APPPATH\Views\mutation\v_add.php(46): CodeIgniter\Debug\Exceptions->errorHandler(2, 'foreach() argument must be of type array|object, int given', 'C:\\MAMP\\htdocs\\stok_gudang\\app\\Views\\mutation\\v_add.php', 46)
 2 SYSTEMPATH\View\View.php(228): include('C:\\MAMP\\htdocs\\stok_gudang\\app\\Views\\mutation\\v_add.php')
 3 SYSTEMPATH\View\View.php(231): CodeIgniter\View\View->CodeIgniter\View\{closure}()
 4 SYSTEMPATH\Common.php(1190): CodeIgniter\View\View->render('mutation/v_add', [], true)
 5 APPPATH\Views\layout\v_content.php(3): view('mutation/v_add')
 6 SYSTEMPATH\View\View.php(228): include('C:\\MAMP\\htdocs\\stok_gudang\\app\\Views\\layout\\v_content.php')
 7 SYSTEMPATH\View\View.php(231): CodeIgniter\View\View->CodeIgniter\View\{closure}()
 8 SYSTEMPATH\Common.php(1190): CodeIgniter\View\View->render('layout/v_content', [], true)
 9 APPPATH\Views\layout\v_wrapper.php(5): view('layout/v_content')
10 SYSTEMPATH\View\View.php(228): include('C:\\MAMP\\htdocs\\stok_gudang\\app\\Views\\layout\\v_wrapper.php')
11 SYSTEMPATH\View\View.php(231): CodeIgniter\View\View->CodeIgniter\View\{closure}()
12 SYSTEMPATH\Common.php(1190): CodeIgniter\View\View->render('layout/v_wrapper', [], true)
13 APPPATH\Controllers\Mutation.php(70): view('layout/v_wrapper', [...])
14 SYSTEMPATH\CodeIgniter.php(942): App\Controllers\Mutation->add()
15 SYSTEMPATH\CodeIgniter.php(502): CodeIgniter\CodeIgniter->runController(Object(App\Controllers\Mutation))
16 SYSTEMPATH\CodeIgniter.php(361): CodeIgniter\CodeIgniter->handleRequest(null, Object(Config\Cache), false)
17 FCPATH\index.php(79): CodeIgniter\CodeIgniter->run()
18 SYSTEMPATH\Commands\Server\rewrite.php(47): require_once('C:\\MAMP\\htdocs\\stok_gudang\\public\\index.php')
INFO - 2024-01-04 12:54:27 --> Session: Class initialized using 'CodeIgniter\Session\Handlers\FileHandler' driver.
DEBUG - 2024-01-04 12:54:27 --> Stock Query: SELECT `jumlah_distribusi_produk`
FROM `tbl_distribusi_produk`
WHERE `id_produk` IS NULL
AND `id_cabang` IS NULL
CRITICAL - 2024-01-04 12:54:27 --> Undefined array key "jumlah_distribusi_produk"
in APPPATH\Views\mutation\v_add.php on line 47.
 1 APPPATH\Views\mutation\v_add.php(47): CodeIgniter\Debug\Exceptions->errorHandler(2, 'Undefined array key "jumlah_distribusi_produk"', 'C:\\MAMP\\htdocs\\stok_gudang\\app\\Views\\mutation\\v_add.php', 47)
 2 SYSTEMPATH\View\View.php(228): include('C:\\MAMP\\htdocs\\stok_gudang\\app\\Views\\mutation\\v_add.php')
 3 SYSTEMPATH\View\View.php(231): CodeIgniter\View\View->CodeIgniter\View\{closure}()
 4 SYSTEMPATH\Common.php(1190): CodeIgniter\View\View->render('mutation/v_add', [], true)
 5 APPPATH\Views\layout\v_content.php(3): view('mutation/v_add')
 6 SYSTEMPATH\View\View.php(228): include('C:\\MAMP\\htdocs\\stok_gudang\\app\\Views\\layout\\v_content.php')
 7 SYSTEMPATH\View\View.php(231): CodeIgniter\View\View->CodeIgniter\View\{closure}()
 8 SYSTEMPATH\Common.php(1190): CodeIgniter\View\View->render('layout/v_content', [], true)
 9 APPPATH\Views\layout\v_wrapper.php(5): view('layout/v_content')
10 SYSTEMPATH\View\View.php(228): include('C:\\MAMP\\htdocs\\stok_gudang\\app\\Views\\layout\\v_wrapper.php')
11 SYSTEMPATH\View\View.php(231): CodeIgniter\View\View->CodeIgniter\View\{closure}()
12 SYSTEMPATH\Common.php(1190): CodeIgniter\View\View->render('layout/v_wrapper', [], true)
13 APPPATH\Controllers\Mutation.php(70): view('layout/v_wrapper', [...])
14 SYSTEMPATH\CodeIgniter.php(942): App\Controllers\Mutation->add()
15 SYSTEMPATH\CodeIgniter.php(502): CodeIgniter\CodeIgniter->runController(Object(App\Controllers\Mutation))
16 SYSTEMPATH\CodeIgniter.php(361): CodeIgniter\CodeIgniter->handleRequest(null, Object(Config\Cache), false)
17 FCPATH\index.php(79): CodeIgniter\CodeIgniter->run()
18 SYSTEMPATH\Commands\Server\rewrite.php(47): require_once('C:\\MAMP\\htdocs\\stok_gudang\\public\\index.php')
INFO - 2024-01-04 12:55:25 --> Session: Class initialized using 'CodeIgniter\Session\Handlers\FileHandler' driver.
DEBUG - 2024-01-04 12:55:25 --> Stock Query: SELECT `jumlah_distribusi_produk`
FROM `tbl_distribusi_produk`
WHERE `id_produk` IS NULL
AND `id_cabang` IS NULL
INFO - 2024-01-04 12:55:25 --> Session: Class initialized using 'CodeIgniter\Session\Handlers\FileHandler' driver.
INFO - 2024-01-04 12:58:08 --> Session: Class initialized using 'CodeIgniter\Session\Handlers\FileHandler' driver.
DEBUG - 2024-01-04 12:58:08 --> Stock Query: SELECT `jumlah_distribusi_produk`
FROM `tbl_distribusi_produk`
WHERE `id_produk` IS NULL
AND `id_cabang` IS NULL
DEBUG - 2024-01-04 12:58:08 --> Stock Query: SELECT `jumlah_distribusi_produk`
FROM `tbl_distribusi_produk`
WHERE `id_produk` IS NULL
AND `id_cabang` IS NULL
CRITICAL - 2024-01-04 12:58:08 --> foreach() argument must be of type array|object, int given
in APPPATH\Views\mutation\v_add.php on line 46.
 1 APPPATH\Views\mutation\v_add.php(46): CodeIgniter\Debug\Exceptions->errorHandler(2, 'foreach() argument must be of type array|object, int given', 'C:\\MAMP\\htdocs\\stok_gudang\\app\\Views\\mutation\\v_add.php', 46)
 2 SYSTEMPATH\View\View.php(228): include('C:\\MAMP\\htdocs\\stok_gudang\\app\\Views\\mutation\\v_add.php')
 3 SYSTEMPATH\View\View.php(231): CodeIgniter\View\View->CodeIgniter\View\{closure}()
 4 SYSTEMPATH\Common.php(1190): CodeIgniter\View\View->render('mutation/v_add', [], true)
 5 APPPATH\Views\layout\v_content.php(3): view('mutation/v_add')
 6 SYSTEMPATH\View\View.php(228): include('C:\\MAMP\\htdocs\\stok_gudang\\app\\Views\\layout\\v_content.php')
 7 SYSTEMPATH\View\View.php(231): CodeIgniter\View\View->CodeIgniter\View\{closure}()
 8 SYSTEMPATH\Common.php(1190): CodeIgniter\View\View->render('layout/v_content', [], true)
 9 APPPATH\Views\layout\v_wrapper.php(5): view('layout/v_content')
10 SYSTEMPATH\View\View.php(228): include('C:\\MAMP\\htdocs\\stok_gudang\\app\\Views\\layout\\v_wrapper.php')
11 SYSTEMPATH\View\View.php(231): CodeIgniter\View\View->CodeIgniter\View\{closure}()
12 SYSTEMPATH\Common.php(1190): CodeIgniter\View\View->render('layout/v_wrapper', [], true)
13 APPPATH\Controllers\Mutation.php(71): view('layout/v_wrapper', [...])
14 SYSTEMPATH\CodeIgniter.php(942): App\Controllers\Mutation->add()
15 SYSTEMPATH\CodeIgniter.php(502): CodeIgniter\CodeIgniter->runController(Object(App\Controllers\Mutation))
16 SYSTEMPATH\CodeIgniter.php(361): CodeIgniter\CodeIgniter->handleRequest(null, Object(Config\Cache), false)
17 FCPATH\index.php(79): CodeIgniter\CodeIgniter->run()
18 SYSTEMPATH\Commands\Server\rewrite.php(47): require_once('C:\\MAMP\\htdocs\\stok_gudang\\public\\index.php')
INFO - 2024-01-04 12:59:10 --> Session: Class initialized using 'CodeIgniter\Session\Handlers\FileHandler' driver.
DEBUG - 2024-01-04 12:59:10 --> Stock Query: SELECT `jumlah_distribusi_produk`
FROM `tbl_distribusi_produk`
WHERE `id_produk` IS NULL
AND `id_cabang` IS NULL
DEBUG - 2024-01-04 12:59:10 --> Stock Query: SELECT `jumlah_distribusi_produk`
FROM `tbl_distribusi_produk`
WHERE `id_produk` IS NULL
AND `id_cabang` IS NULL
CRITICAL - 2024-01-04 12:59:10 --> foreach() argument must be of type array|object, int given
in APPPATH\Views\mutation\v_add.php on line 46.
 1 APPPATH\Views\mutation\v_add.php(46): CodeIgniter\Debug\Exceptions->errorHandler(2, 'foreach() argument must be of type array|object, int given', 'C:\\MAMP\\htdocs\\stok_gudang\\app\\Views\\mutation\\v_add.php', 46)
 2 SYSTEMPATH\View\View.php(228): include('C:\\MAMP\\htdocs\\stok_gudang\\app\\Views\\mutation\\v_add.php')
 3 SYSTEMPATH\View\View.php(231): CodeIgniter\View\View->CodeIgniter\View\{closure}()
 4 SYSTEMPATH\Common.php(1190): CodeIgniter\View\View->render('mutation/v_add', [], true)
 5 APPPATH\Views\layout\v_content.php(3): view('mutation/v_add')
 6 SYSTEMPATH\View\View.php(228): include('C:\\MAMP\\htdocs\\stok_gudang\\app\\Views\\layout\\v_content.php')
 7 SYSTEMPATH\View\View.php(231): CodeIgniter\View\View->CodeIgniter\View\{closure}()
 8 SYSTEMPATH\Common.php(1190): CodeIgniter\View\View->render('layout/v_content', [], true)
 9 APPPATH\Views\layout\v_wrapper.php(5): view('layout/v_content')
10 SYSTEMPATH\View\View.php(228): include('C:\\MAMP\\htdocs\\stok_gudang\\app\\Views\\layout\\v_wrapper.php')
11 SYSTEMPATH\View\View.php(231): CodeIgniter\View\View->CodeIgniter\View\{closure}()
12 SYSTEMPATH\Common.php(1190): CodeIgniter\View\View->render('layout/v_wrapper', [], true)
13 APPPATH\Controllers\Mutation.php(71): view('layout/v_wrapper', [...])
14 SYSTEMPATH\CodeIgniter.php(942): App\Controllers\Mutation->add()
15 SYSTEMPATH\CodeIgniter.php(502): CodeIgniter\CodeIgniter->runController(Object(App\Controllers\Mutation))
16 SYSTEMPATH\CodeIgniter.php(361): CodeIgniter\CodeIgniter->handleRequest(null, Object(Config\Cache), false)
17 FCPATH\index.php(79): CodeIgniter\CodeIgniter->run()
18 SYSTEMPATH\Commands\Server\rewrite.php(47): require_once('C:\\MAMP\\htdocs\\stok_gudang\\public\\index.php')
INFO - 2024-01-04 13:00:06 --> Session: Class initialized using 'CodeIgniter\Session\Handlers\FileHandler' driver.
DEBUG - 2024-01-04 13:00:06 --> Stock Query: SELECT `jumlah_distribusi_produk`
FROM `tbl_distribusi_produk`
WHERE `id_produk` IS NULL
AND `id_cabang` IS NULL
DEBUG - 2024-01-04 13:00:06 --> Stock Query: SELECT `jumlah_distribusi_produk`
FROM `tbl_distribusi_produk`
WHERE `id_produk` IS NULL
AND `id_cabang` IS NULL
CRITICAL - 2024-01-04 13:00:06 --> foreach() argument must be of type array|object, int given
in APPPATH\Views\mutation\v_add.php on line 47.
 1 APPPATH\Views\mutation\v_add.php(47): CodeIgniter\Debug\Exceptions->errorHandler(2, 'foreach() argument must be of type array|object, int given', 'C:\\MAMP\\htdocs\\stok_gudang\\app\\Views\\mutation\\v_add.php', 47)
 2 SYSTEMPATH\View\View.php(228): include('C:\\MAMP\\htdocs\\stok_gudang\\app\\Views\\mutation\\v_add.php')
 3 SYSTEMPATH\View\View.php(231): CodeIgniter\View\View->CodeIgniter\View\{closure}()
 4 SYSTEMPATH\Common.php(1190): CodeIgniter\View\View->render('mutation/v_add', [], true)
 5 APPPATH\Views\layout\v_content.php(3): view('mutation/v_add')
 6 SYSTEMPATH\View\View.php(228): include('C:\\MAMP\\htdocs\\stok_gudang\\app\\Views\\layout\\v_content.php')
 7 SYSTEMPATH\View\View.php(231): CodeIgniter\View\View->CodeIgniter\View\{closure}()
 8 SYSTEMPATH\Common.php(1190): CodeIgniter\View\View->render('layout/v_content', [], true)
 9 APPPATH\Views\layout\v_wrapper.php(5): view('layout/v_content')
10 SYSTEMPATH\View\View.php(228): include('C:\\MAMP\\htdocs\\stok_gudang\\app\\Views\\layout\\v_wrapper.php')
11 SYSTEMPATH\View\View.php(231): CodeIgniter\View\View->CodeIgniter\View\{closure}()
12 SYSTEMPATH\Common.php(1190): CodeIgniter\View\View->render('layout/v_wrapper', [], true)
13 APPPATH\Controllers\Mutation.php(71): view('layout/v_wrapper', [...])
14 SYSTEMPATH\CodeIgniter.php(942): App\Controllers\Mutation->add()
15 SYSTEMPATH\CodeIgniter.php(502): CodeIgniter\CodeIgniter->runController(Object(App\Controllers\Mutation))
16 SYSTEMPATH\CodeIgniter.php(361): CodeIgniter\CodeIgniter->handleRequest(null, Object(Config\Cache), false)
17 FCPATH\index.php(79): CodeIgniter\CodeIgniter->run()
18 SYSTEMPATH\Commands\Server\rewrite.php(47): require_once('C:\\MAMP\\htdocs\\stok_gudang\\public\\index.php')
INFO - 2024-01-04 13:00:18 --> Session: Class initialized using 'CodeIgniter\Session\Handlers\FileHandler' driver.
DEBUG - 2024-01-04 13:00:18 --> Stock Query: SELECT `jumlah_distribusi_produk`
FROM `tbl_distribusi_produk`
WHERE `id_produk` IS NULL
AND `id_cabang` IS NULL
CRITICAL - 2024-01-04 13:00:18 --> foreach() argument must be of type array|object, int given
in APPPATH\Views\mutation\v_add.php on line 47.
 1 APPPATH\Views\mutation\v_add.php(47): CodeIgniter\Debug\Exceptions->errorHandler(2, 'foreach() argument must be of type array|object, int given', 'C:\\MAMP\\htdocs\\stok_gudang\\app\\Views\\mutation\\v_add.php', 47)
 2 SYSTEMPATH\View\View.php(228): include('C:\\MAMP\\htdocs\\stok_gudang\\app\\Views\\mutation\\v_add.php')
 3 SYSTEMPATH\View\View.php(231): CodeIgniter\View\View->CodeIgniter\View\{closure}()
 4 SYSTEMPATH\Common.php(1190): CodeIgniter\View\View->render('mutation/v_add', [], true)
 5 APPPATH\Views\layout\v_content.php(3): view('mutation/v_add')
 6 SYSTEMPATH\View\View.php(228): include('C:\\MAMP\\htdocs\\stok_gudang\\app\\Views\\layout\\v_content.php')
 7 SYSTEMPATH\View\View.php(231): CodeIgniter\View\View->CodeIgniter\View\{closure}()
 8 SYSTEMPATH\Common.php(1190): CodeIgniter\View\View->render('layout/v_content', [], true)
 9 APPPATH\Views\layout\v_wrapper.php(5): view('layout/v_content')
10 SYSTEMPATH\View\View.php(228): include('C:\\MAMP\\htdocs\\stok_gudang\\app\\Views\\layout\\v_wrapper.php')
11 SYSTEMPATH\View\View.php(231): CodeIgniter\View\View->CodeIgniter\View\{closure}()
12 SYSTEMPATH\Common.php(1190): CodeIgniter\View\View->render('layout/v_wrapper', [], true)
13 APPPATH\Controllers\Mutation.php(73): view('layout/v_wrapper', [...])
14 SYSTEMPATH\CodeIgniter.php(942): App\Controllers\Mutation->add()
15 SYSTEMPATH\CodeIgniter.php(502): CodeIgniter\CodeIgniter->runController(Object(App\Controllers\Mutation))
16 SYSTEMPATH\CodeIgniter.php(361): CodeIgniter\CodeIgniter->handleRequest(null, Object(Config\Cache), false)
17 FCPATH\index.php(79): CodeIgniter\CodeIgniter->run()
18 SYSTEMPATH\Commands\Server\rewrite.php(47): require_once('C:\\MAMP\\htdocs\\stok_gudang\\public\\index.php')
INFO - 2024-01-04 13:00:51 --> Session: Class initialized using 'CodeIgniter\Session\Handlers\FileHandler' driver.
DEBUG - 2024-01-04 13:00:51 --> Stock Query: SELECT `jumlah_distribusi_produk`
FROM `tbl_distribusi_produk`
WHERE `id_produk` IS NULL
AND `id_cabang` IS NULL
CRITICAL - 2024-01-04 13:00:51 --> foreach() argument must be of type array|object, int given
in APPPATH\Views\mutation\v_add.php on line 47.
 1 APPPATH\Views\mutation\v_add.php(47): CodeIgniter\Debug\Exceptions->errorHandler(2, 'foreach() argument must be of type array|object, int given', 'C:\\MAMP\\htdocs\\stok_gudang\\app\\Views\\mutation\\v_add.php', 47)
 2 SYSTEMPATH\View\View.php(228): include('C:\\MAMP\\htdocs\\stok_gudang\\app\\Views\\mutation\\v_add.php')
 3 SYSTEMPATH\View\View.php(231): CodeIgniter\View\View->CodeIgniter\View\{closure}()
 4 SYSTEMPATH\Common.php(1190): CodeIgniter\View\View->render('mutation/v_add', [], true)
 5 APPPATH\Views\layout\v_content.php(3): view('mutation/v_add')
 6 SYSTEMPATH\View\View.php(228): include('C:\\MAMP\\htdocs\\stok_gudang\\app\\Views\\layout\\v_content.php')
 7 SYSTEMPATH\View\View.php(231): CodeIgniter\View\View->CodeIgniter\View\{closure}()
 8 SYSTEMPATH\Common.php(1190): CodeIgniter\View\View->render('layout/v_content', [], true)
 9 APPPATH\Views\layout\v_wrapper.php(5): view('layout/v_content')
10 SYSTEMPATH\View\View.php(228): include('C:\\MAMP\\htdocs\\stok_gudang\\app\\Views\\layout\\v_wrapper.php')
11 SYSTEMPATH\View\View.php(231): CodeIgniter\View\View->CodeIgniter\View\{closure}()
12 SYSTEMPATH\Common.php(1190): CodeIgniter\View\View->render('layout/v_wrapper', [], true)
13 APPPATH\Controllers\Mutation.php(73): view('layout/v_wrapper', [...])
14 SYSTEMPATH\CodeIgniter.php(942): App\Controllers\Mutation->add()
15 SYSTEMPATH\CodeIgniter.php(502): CodeIgniter\CodeIgniter->runController(Object(App\Controllers\Mutation))
16 SYSTEMPATH\CodeIgniter.php(361): CodeIgniter\CodeIgniter->handleRequest(null, Object(Config\Cache), false)
17 FCPATH\index.php(79): CodeIgniter\CodeIgniter->run()
18 SYSTEMPATH\Commands\Server\rewrite.php(47): require_once('C:\\MAMP\\htdocs\\stok_gudang\\public\\index.php')
INFO - 2024-01-04 13:01:37 --> Session: Class initialized using 'CodeIgniter\Session\Handlers\FileHandler' driver.
INFO - 2024-01-04 13:01:38 --> Session: Class initialized using 'CodeIgniter\Session\Handlers\FileHandler' driver.
INFO - 2024-01-04 13:01:39 --> Session: Class initialized using 'CodeIgniter\Session\Handlers\FileHandler' driver.
DEBUG - 2024-01-04 13:01:39 --> Stock Query: SELECT `jumlah_distribusi_produk`
FROM `tbl_distribusi_produk`
WHERE `id_produk` IS NULL
AND `id_cabang` IS NULL
INFO - 2024-01-04 13:01:39 --> Session: Class initialized using 'CodeIgniter\Session\Handlers\FileHandler' driver.
INFO - 2024-01-04 13:01:42 --> Session: Class initialized using 'CodeIgniter\Session\Handlers\FileHandler' driver.
INFO - 2024-01-04 13:01:44 --> Session: Class initialized using 'CodeIgniter\Session\Handlers\FileHandler' driver.
INFO - 2024-01-04 13:02:23 --> Session: Class initialized using 'CodeIgniter\Session\Handlers\FileHandler' driver.
DEBUG - 2024-01-04 13:02:23 --> Stock Query: SELECT `jumlah_distribusi_produk`
FROM `tbl_distribusi_produk`
WHERE `id_produk` IS NULL
AND `id_cabang` IS NULL
INFO - 2024-01-04 13:02:24 --> Session: Class initialized using 'CodeIgniter\Session\Handlers\FileHandler' driver.
INFO - 2024-01-04 13:02:26 --> Session: Class initialized using 'CodeIgniter\Session\Handlers\FileHandler' driver.
INFO - 2024-01-04 13:02:29 --> Session: Class initialized using 'CodeIgniter\Session\Handlers\FileHandler' driver.
INFO - 2024-01-04 13:02:31 --> Session: Class initialized using 'CodeIgniter\Session\Handlers\FileHandler' driver.
INFO - 2024-01-04 13:03:50 --> Session: Class initialized using 'CodeIgniter\Session\Handlers\FileHandler' driver.
DEBUG - 2024-01-04 13:03:50 --> Stock Query: SELECT `jumlah_distribusi_produk`
FROM `tbl_distribusi_produk`
WHERE `id_produk` IS NULL
AND `id_cabang` IS NULL
INFO - 2024-01-04 13:03:51 --> Session: Class initialized using 'CodeIgniter\Session\Handlers\FileHandler' driver.
INFO - 2024-01-04 13:03:53 --> Session: Class initialized using 'CodeIgniter\Session\Handlers\FileHandler' driver.
INFO - 2024-01-04 13:03:55 --> Session: Class initialized using 'CodeIgniter\Session\Handlers\FileHandler' driver.
INFO - 2024-01-04 13:06:37 --> Session: Class initialized using 'CodeIgniter\Session\Handlers\FileHandler' driver.
DEBUG - 2024-01-04 13:06:37 --> Stock Query: SELECT `jumlah_distribusi_produk`
FROM `tbl_distribusi_produk`
WHERE `id_produk` IS NULL
AND `id_cabang` IS NULL
INFO - 2024-01-04 13:06:38 --> Session: Class initialized using 'CodeIgniter\Session\Handlers\FileHandler' driver.
INFO - 2024-01-04 13:06:39 --> Session: Class initialized using 'CodeIgniter\Session\Handlers\FileHandler' driver.
INFO - 2024-01-04 13:06:40 --> Session: Class initialized using 'CodeIgniter\Session\Handlers\FileHandler' driver.
INFO - 2024-01-04 13:07:01 --> Session: Class initialized using 'CodeIgniter\Session\Handlers\FileHandler' driver.
DEBUG - 2024-01-04 13:07:01 --> Stock Query: SELECT `jumlah_distribusi_produk`
FROM `tbl_distribusi_produk`
WHERE `id_produk` IS NULL
AND `id_cabang` IS NULL
INFO - 2024-01-04 13:07:02 --> Session: Class initialized using 'CodeIgniter\Session\Handlers\FileHandler' driver.
INFO - 2024-01-04 13:07:05 --> Session: Class initialized using 'CodeIgniter\Session\Handlers\FileHandler' driver.
INFO - 2024-01-04 13:07:55 --> Session: Class initialized using 'CodeIgniter\Session\Handlers\FileHandler' driver.
DEBUG - 2024-01-04 13:07:55 --> Stock Query: SELECT `jumlah_distribusi_produk`
FROM `tbl_distribusi_produk`
WHERE `id_produk` IS NULL
AND `id_cabang` IS NULL
INFO - 2024-01-04 13:07:56 --> Session: Class initialized using 'CodeIgniter\Session\Handlers\FileHandler' driver.
INFO - 2024-01-04 13:07:59 --> Session: Class initialized using 'CodeIgniter\Session\Handlers\FileHandler' driver.
INFO - 2024-01-04 13:08:24 --> Session: Class initialized using 'CodeIgniter\Session\Handlers\FileHandler' driver.
DEBUG - 2024-01-04 13:08:24 --> Stock Query: SELECT `jumlah_distribusi_produk`
FROM `tbl_distribusi_produk`
WHERE `id_produk` IS NULL
AND `id_cabang` IS NULL
INFO - 2024-01-04 13:08:24 --> Session: Class initialized using 'CodeIgniter\Session\Handlers\FileHandler' driver.
INFO - 2024-01-04 13:08:27 --> Session: Class initialized using 'CodeIgniter\Session\Handlers\FileHandler' driver.
INFO - 2024-01-04 13:08:54 --> Session: Class initialized using 'CodeIgniter\Session\Handlers\FileHandler' driver.
DEBUG - 2024-01-04 13:08:54 --> Stock Query: SELECT `jumlah_distribusi_produk`
FROM `tbl_distribusi_produk`
WHERE `id_produk` IS NULL
AND `id_cabang` IS NULL
INFO - 2024-01-04 13:08:55 --> Session: Class initialized using 'CodeIgniter\Session\Handlers\FileHandler' driver.
INFO - 2024-01-04 13:08:58 --> Session: Class initialized using 'CodeIgniter\Session\Handlers\FileHandler' driver.
INFO - 2024-01-04 13:08:59 --> Session: Class initialized using 'CodeIgniter\Session\Handlers\FileHandler' driver.
INFO - 2024-01-04 13:09:10 --> Session: Class initialized using 'CodeIgniter\Session\Handlers\FileHandler' driver.
DEBUG - 2024-01-04 13:09:10 --> Stock Query: SELECT `jumlah_distribusi_produk`
FROM `tbl_distribusi_produk`
WHERE `id_produk` IS NULL
AND `id_cabang` IS NULL
CRITICAL - 2024-01-04 13:09:10 --> foreach() argument must be of type array|object, int given
in APPPATH\Views\mutation\v_add.php on line 46.
 1 APPPATH\Views\mutation\v_add.php(46): CodeIgniter\Debug\Exceptions->errorHandler(2, 'foreach() argument must be of type array|object, int given', 'C:\\MAMP\\htdocs\\stok_gudang\\app\\Views\\mutation\\v_add.php', 46)
 2 SYSTEMPATH\View\View.php(228): include('C:\\MAMP\\htdocs\\stok_gudang\\app\\Views\\mutation\\v_add.php')
 3 SYSTEMPATH\View\View.php(231): CodeIgniter\View\View->CodeIgniter\View\{closure}()
 4 SYSTEMPATH\Common.php(1190): CodeIgniter\View\View->render('mutation/v_add', [], true)
 5 APPPATH\Views\layout\v_content.php(3): view('mutation/v_add')
 6 SYSTEMPATH\View\View.php(228): include('C:\\MAMP\\htdocs\\stok_gudang\\app\\Views\\layout\\v_content.php')
 7 SYSTEMPATH\View\View.php(231): CodeIgniter\View\View->CodeIgniter\View\{closure}()
 8 SYSTEMPATH\Common.php(1190): CodeIgniter\View\View->render('layout/v_content', [], true)
 9 APPPATH\Views\layout\v_wrapper.php(5): view('layout/v_content')
10 SYSTEMPATH\View\View.php(228): include('C:\\MAMP\\htdocs\\stok_gudang\\app\\Views\\layout\\v_wrapper.php')
11 SYSTEMPATH\View\View.php(231): CodeIgniter\View\View->CodeIgniter\View\{closure}()
12 SYSTEMPATH\Common.php(1190): CodeIgniter\View\View->render('layout/v_wrapper', [], true)
13 APPPATH\Controllers\Mutation.php(73): view('layout/v_wrapper', [...])
14 SYSTEMPATH\CodeIgniter.php(942): App\Controllers\Mutation->add()
15 SYSTEMPATH\CodeIgniter.php(502): CodeIgniter\CodeIgniter->runController(Object(App\Controllers\Mutation))
16 SYSTEMPATH\CodeIgniter.php(361): CodeIgniter\CodeIgniter->handleRequest(null, Object(Config\Cache), false)
17 FCPATH\index.php(79): CodeIgniter\CodeIgniter->run()
18 SYSTEMPATH\Commands\Server\rewrite.php(47): require_once('C:\\MAMP\\htdocs\\stok_gudang\\public\\index.php')
INFO - 2024-01-04 13:09:18 --> Session: Class initialized using 'CodeIgniter\Session\Handlers\FileHandler' driver.
DEBUG - 2024-01-04 13:09:18 --> Stock Query: SELECT `jumlah_distribusi_produk`
FROM `tbl_distribusi_produk`
WHERE `id_produk` IS NULL
AND `id_cabang` IS NULL
INFO - 2024-01-04 13:09:18 --> Session: Class initialized using 'CodeIgniter\Session\Handlers\FileHandler' driver.
INFO - 2024-01-04 13:09:20 --> Session: Class initialized using 'CodeIgniter\Session\Handlers\FileHandler' driver.
INFO - 2024-01-04 13:09:22 --> Session: Class initialized using 'CodeIgniter\Session\Handlers\FileHandler' driver.
INFO - 2024-01-04 13:09:29 --> Session: Class initialized using 'CodeIgniter\Session\Handlers\FileHandler' driver.
DEBUG - 2024-01-04 13:09:29 --> Stock Query: SELECT `jumlah_distribusi_produk`
FROM `tbl_distribusi_produk`
WHERE `id_produk` IS NULL
AND `id_cabang` IS NULL
DEBUG - 2024-01-04 13:09:29 --> Stock Query: SELECT `jumlah_distribusi_produk`
FROM `tbl_distribusi_produk`
WHERE `id_produk` IS NULL
AND `id_cabang` IS NULL
INFO - 2024-01-04 13:09:29 --> Session: Class initialized using 'CodeIgniter\Session\Handlers\FileHandler' driver.
INFO - 2024-01-04 13:09:31 --> Session: Class initialized using 'CodeIgniter\Session\Handlers\FileHandler' driver.
INFO - 2024-01-04 13:09:32 --> Session: Class initialized using 'CodeIgniter\Session\Handlers\FileHandler' driver.
INFO - 2024-01-04 13:09:44 --> Session: Class initialized using 'CodeIgniter\Session\Handlers\FileHandler' driver.
DEBUG - 2024-01-04 13:09:44 --> Stock Query: SELECT `jumlah_distribusi_produk`
FROM `tbl_distribusi_produk`
WHERE `id_produk` IS NULL
AND `id_cabang` IS NULL
INFO - 2024-01-04 13:09:44 --> Session: Class initialized using 'CodeIgniter\Session\Handlers\FileHandler' driver.
INFO - 2024-01-04 13:09:46 --> Session: Class initialized using 'CodeIgniter\Session\Handlers\FileHandler' driver.
INFO - 2024-01-04 13:09:47 --> Session: Class initialized using 'CodeIgniter\Session\Handlers\FileHandler' driver.
INFO - 2024-01-04 13:09:56 --> Session: Class initialized using 'CodeIgniter\Session\Handlers\FileHandler' driver.
DEBUG - 2024-01-04 13:09:56 --> Stock Query: SELECT `jumlah_distribusi_produk`
FROM `tbl_distribusi_produk`
WHERE `id_produk` IS NULL
AND `id_cabang` IS NULL
INFO - 2024-01-04 13:09:57 --> Session: Class initialized using 'CodeIgniter\Session\Handlers\FileHandler' driver.
INFO - 2024-01-04 13:09:58 --> Session: Class initialized using 'CodeIgniter\Session\Handlers\FileHandler' driver.
INFO - 2024-01-04 13:10:00 --> Session: Class initialized using 'CodeIgniter\Session\Handlers\FileHandler' driver.
INFO - 2024-01-04 13:10:04 --> Session: Class initialized using 'CodeIgniter\Session\Handlers\FileHandler' driver.
DEBUG - 2024-01-04 13:10:04 --> Stock Query: SELECT `jumlah_distribusi_produk`
FROM `tbl_distribusi_produk`
WHERE `id_produk` IS NULL
AND `id_cabang` IS NULL
INFO - 2024-01-04 13:10:04 --> Session: Class initialized using 'CodeIgniter\Session\Handlers\FileHandler' driver.
INFO - 2024-01-04 13:10:06 --> Session: Class initialized using 'CodeIgniter\Session\Handlers\FileHandler' driver.
INFO - 2024-01-04 13:10:08 --> Session: Class initialized using 'CodeIgniter\Session\Handlers\FileHandler' driver.
INFO - 2024-01-04 13:12:30 --> Session: Class initialized using 'CodeIgniter\Session\Handlers\FileHandler' driver.
DEBUG - 2024-01-04 13:12:30 --> Stock Query: SELECT `jumlah_distribusi_produk`
FROM `tbl_distribusi_produk`
WHERE `id_produk` IS NULL
AND `id_cabang` IS NULL
INFO - 2024-01-04 13:12:31 --> Session: Class initialized using 'CodeIgniter\Session\Handlers\FileHandler' driver.
INFO - 2024-01-04 13:12:32 --> Session: Class initialized using 'CodeIgniter\Session\Handlers\FileHandler' driver.
DEBUG - 2024-01-04 13:12:32 --> Stock Query: SELECT `jumlah_distribusi_produk`
FROM `tbl_distribusi_produk`
WHERE `id_produk` IS NULL
AND `id_cabang` IS NULL
INFO - 2024-01-04 13:12:34 --> Session: Class initialized using 'CodeIgniter\Session\Handlers\FileHandler' driver.
DEBUG - 2024-01-04 13:12:34 --> Stock Query: SELECT `jumlah_distribusi_produk`
FROM `tbl_distribusi_produk`
WHERE `id_produk` IS NULL
AND `id_cabang` IS NULL
INFO - 2024-01-04 13:12:39 --> Session: Class initialized using 'CodeIgniter\Session\Handlers\FileHandler' driver.
DEBUG - 2024-01-04 13:12:39 --> Stock Query: SELECT `jumlah_distribusi_produk`
FROM `tbl_distribusi_produk`
WHERE `id_produk` IS NULL
AND `id_cabang` IS NULL
INFO - 2024-01-04 13:12:39 --> Session: Class initialized using 'CodeIgniter\Session\Handlers\FileHandler' driver.
INFO - 2024-01-04 13:12:41 --> Session: Class initialized using 'CodeIgniter\Session\Handlers\FileHandler' driver.
INFO - 2024-01-04 13:12:43 --> Session: Class initialized using 'CodeIgniter\Session\Handlers\FileHandler' driver.
INFO - 2024-01-04 13:13:32 --> Session: Class initialized using 'CodeIgniter\Session\Handlers\FileHandler' driver.
DEBUG - 2024-01-04 13:13:32 --> Stock Query: SELECT `jumlah_distribusi_produk`
FROM `tbl_distribusi_produk`
WHERE `id_produk` IS NULL
AND `id_cabang` IS NULL
INFO - 2024-01-04 13:13:33 --> Session: Class initialized using 'CodeIgniter\Session\Handlers\FileHandler' driver.
INFO - 2024-01-04 13:13:34 --> Session: Class initialized using 'CodeIgniter\Session\Handlers\FileHandler' driver.
INFO - 2024-01-04 13:13:36 --> Session: Class initialized using 'CodeIgniter\Session\Handlers\FileHandler' driver.
INFO - 2024-01-04 13:59:09 --> Session: Class initialized using 'CodeIgniter\Session\Handlers\FileHandler' driver.
INFO - 2024-01-04 13:59:10 --> Session: Class initialized using 'CodeIgniter\Session\Handlers\FileHandler' driver.
INFO - 2024-01-04 13:59:12 --> Session: Class initialized using 'CodeIgniter\Session\Handlers\FileHandler' driver.
INFO - 2024-01-04 13:59:12 --> Session: Class initialized using 'CodeIgniter\Session\Handlers\FileHandler' driver.
INFO - 2024-01-04 13:59:15 --> Session: Class initialized using 'CodeIgniter\Session\Handlers\FileHandler' driver.
INFO - 2024-01-04 13:59:15 --> Session: Class initialized using 'CodeIgniter\Session\Handlers\FileHandler' driver.
INFO - 2024-01-04 13:59:21 --> Session: Class initialized using 'CodeIgniter\Session\Handlers\FileHandler' driver.
INFO - 2024-01-04 13:59:22 --> Session: Class initialized using 'CodeIgniter\Session\Handlers\FileHandler' driver.
INFO - 2024-01-04 13:59:31 --> Session: Class initialized using 'CodeIgniter\Session\Handlers\FileHandler' driver.
INFO - 2024-01-04 13:59:31 --> Session: Class initialized using 'CodeIgniter\Session\Handlers\FileHandler' driver.
INFO - 2024-01-04 13:59:32 --> Session: Class initialized using 'CodeIgniter\Session\Handlers\FileHandler' driver.
INFO - 2024-01-04 13:59:50 --> Session: Class initialized using 'CodeIgniter\Session\Handlers\FileHandler' driver.
INFO - 2024-01-04 13:59:50 --> Session: Class initialized using 'CodeIgniter\Session\Handlers\FileHandler' driver.
INFO - 2024-01-04 13:59:51 --> Session: Class initialized using 'CodeIgniter\Session\Handlers\FileHandler' driver.
INFO - 2024-01-04 14:02:58 --> Session: Class initialized using 'CodeIgniter\Session\Handlers\FileHandler' driver.
DEBUG - 2024-01-04 14:02:58 --> Stock Query: SELECT `jumlah_distribusi_produk`
FROM `tbl_distribusi_produk`
WHERE `id_produk` IS NULL
AND `id_cabang` IS NULL
INFO - 2024-01-04 14:02:59 --> Session: Class initialized using 'CodeIgniter\Session\Handlers\FileHandler' driver.
INFO - 2024-01-04 14:03:00 --> Session: Class initialized using 'CodeIgniter\Session\Handlers\FileHandler' driver.
INFO - 2024-01-04 14:03:02 --> Session: Class initialized using 'CodeIgniter\Session\Handlers\FileHandler' driver.
INFO - 2024-01-04 14:10:45 --> Session: Class initialized using 'CodeIgniter\Session\Handlers\FileHandler' driver.
INFO - 2024-01-04 14:10:45 --> Session: Class initialized using 'CodeIgniter\Session\Handlers\FileHandler' driver.
INFO - 2024-01-04 14:10:47 --> Session: Class initialized using 'CodeIgniter\Session\Handlers\FileHandler' driver.
INFO - 2024-01-04 14:10:49 --> Session: Class initialized using 'CodeIgniter\Session\Handlers\FileHandler' driver.
INFO - 2024-01-04 14:12:20 --> Session: Class initialized using 'CodeIgniter\Session\Handlers\FileHandler' driver.
INFO - 2024-01-04 14:12:20 --> Session: Class initialized using 'CodeIgniter\Session\Handlers\FileHandler' driver.
INFO - 2024-01-04 14:12:22 --> Session: Class initialized using 'CodeIgniter\Session\Handlers\FileHandler' driver.
INFO - 2024-01-04 14:12:24 --> Session: Class initialized using 'CodeIgniter\Session\Handlers\FileHandler' driver.
INFO - 2024-01-04 14:13:54 --> Session: Class initialized using 'CodeIgniter\Session\Handlers\FileHandler' driver.
INFO - 2024-01-04 14:24:31 --> Session: Class initialized using 'CodeIgniter\Session\Handlers\FileHandler' driver.
INFO - 2024-01-04 14:24:32 --> Session: Class initialized using 'CodeIgniter\Session\Handlers\FileHandler' driver.
INFO - 2024-01-04 14:24:34 --> Session: Class initialized using 'CodeIgniter\Session\Handlers\FileHandler' driver.
INFO - 2024-01-04 14:24:36 --> Session: Class initialized using 'CodeIgniter\Session\Handlers\FileHandler' driver.
INFO - 2024-01-04 14:27:21 --> Session: Class initialized using 'CodeIgniter\Session\Handlers\FileHandler' driver.
INFO - 2024-01-04 14:27:21 --> Session: Class initialized using 'CodeIgniter\Session\Handlers\FileHandler' driver.
INFO - 2024-01-04 14:27:22 --> Session: Class initialized using 'CodeIgniter\Session\Handlers\FileHandler' driver.
INFO - 2024-01-04 14:27:24 --> Session: Class initialized using 'CodeIgniter\Session\Handlers\FileHandler' driver.
INFO - 2024-01-04 14:27:33 --> Session: Class initialized using 'CodeIgniter\Session\Handlers\FileHandler' driver.
INFO - 2024-01-04 14:27:34 --> Session: Class initialized using 'CodeIgniter\Session\Handlers\FileHandler' driver.
INFO - 2024-01-04 14:27:35 --> Session: Class initialized using 'CodeIgniter\Session\Handlers\FileHandler' driver.
INFO - 2024-01-04 14:27:54 --> Session: Class initialized using 'CodeIgniter\Session\Handlers\FileHandler' driver.
INFO - 2024-01-04 14:27:55 --> Session: Class initialized using 'CodeIgniter\Session\Handlers\FileHandler' driver.
INFO - 2024-01-04 14:27:57 --> Session: Class initialized using 'CodeIgniter\Session\Handlers\FileHandler' driver.
INFO - 2024-01-04 14:27:57 --> Session: Class initialized using 'CodeIgniter\Session\Handlers\FileHandler' driver.
INFO - 2024-01-04 14:28:01 --> Session: Class initialized using 'CodeIgniter\Session\Handlers\FileHandler' driver.
INFO - 2024-01-04 14:28:01 --> Session: Class initialized using 'CodeIgniter\Session\Handlers\FileHandler' driver.
INFO - 2024-01-04 14:28:05 --> Session: Class initialized using 'CodeIgniter\Session\Handlers\FileHandler' driver.
INFO - 2024-01-04 14:28:05 --> Session: Class initialized using 'CodeIgniter\Session\Handlers\FileHandler' driver.
INFO - 2024-01-04 14:28:06 --> Session: Class initialized using 'CodeIgniter\Session\Handlers\FileHandler' driver.
INFO - 2024-01-04 14:28:13 --> Session: Class initialized using 'CodeIgniter\Session\Handlers\FileHandler' driver.
INFO - 2024-01-04 14:28:13 --> Session: Class initialized using 'CodeIgniter\Session\Handlers\FileHandler' driver.
INFO - 2024-01-04 14:28:14 --> Session: Class initialized using 'CodeIgniter\Session\Handlers\FileHandler' driver.
INFO - 2024-01-04 14:28:15 --> Session: Class initialized using 'CodeIgniter\Session\Handlers\FileHandler' driver.
INFO - 2024-01-04 14:28:16 --> Session: Class initialized using 'CodeIgniter\Session\Handlers\FileHandler' driver.
INFO - 2024-01-04 14:28:33 --> Session: Class initialized using 'CodeIgniter\Session\Handlers\FileHandler' driver.
INFO - 2024-01-04 14:28:34 --> Session: Class initialized using 'CodeIgniter\Session\Handlers\FileHandler' driver.
INFO - 2024-01-04 14:29:09 --> Session: Class initialized using 'CodeIgniter\Session\Handlers\FileHandler' driver.
INFO - 2024-01-04 14:29:09 --> Session: Class initialized using 'CodeIgniter\Session\Handlers\FileHandler' driver.
INFO - 2024-01-04 14:29:10 --> Session: Class initialized using 'CodeIgniter\Session\Handlers\FileHandler' driver.
INFO - 2024-01-04 14:29:13 --> Session: Class initialized using 'CodeIgniter\Session\Handlers\FileHandler' driver.
INFO - 2024-01-04 14:29:14 --> Session: Class initialized using 'CodeIgniter\Session\Handlers\FileHandler' driver.
INFO - 2024-01-04 14:29:17 --> Session: Class initialized using 'CodeIgniter\Session\Handlers\FileHandler' driver.
INFO - 2024-01-04 14:29:18 --> Session: Class initialized using 'CodeIgniter\Session\Handlers\FileHandler' driver.
INFO - 2024-01-04 14:29:25 --> Session: Class initialized using 'CodeIgniter\Session\Handlers\FileHandler' driver.
INFO - 2024-01-04 14:29:26 --> Session: Class initialized using 'CodeIgniter\Session\Handlers\FileHandler' driver.
INFO - 2024-01-04 14:29:27 --> Session: Class initialized using 'CodeIgniter\Session\Handlers\FileHandler' driver.
INFO - 2024-01-04 14:29:28 --> Session: Class initialized using 'CodeIgniter\Session\Handlers\FileHandler' driver.
INFO - 2024-01-04 14:29:29 --> Session: Class initialized using 'CodeIgniter\Session\Handlers\FileHandler' driver.
INFO - 2024-01-04 18:20:12 --> Session: Class initialized using 'CodeIgniter\Session\Handlers\FileHandler' driver.
