CRITICAL - 2023-12-16 00:50:44 --> Undefined array key "img_produk"
in APPPATH\Views\produk\v_produk.php on line 29.
 1 APPPATH\Views\produk\v_produk.php(29): CodeIgniter\Debug\Exceptions->errorHandler(2, 'Undefined array key "img_produk"', 'C:\\xampp\\htdocs\\stok_gudang\\app\\Views\\produk\\v_produk.php', 29)
 2 SYSTEMPATH\View\View.php(228): include('C:\\xampp\\htdocs\\stok_gudang\\app\\Views\\produk\\v_produk.php')
 3 SYSTEMPATH\View\View.php(231): CodeIgniter\View\View->CodeIgniter\View\{closure}()
 4 SYSTEMPATH\Common.php(1190): CodeIgniter\View\View->render('produk/v_produk', [], true)
 5 APPPATH\Views\layout\v_content.php(3): view('produk/v_produk')
 6 SYSTEMPATH\View\View.php(228): include('C:\\xampp\\htdocs\\stok_gudang\\app\\Views\\layout\\v_content.php')
 7 SYSTEMPATH\View\View.php(231): CodeIgniter\View\View->CodeIgniter\View\{closure}()
 8 SYSTEMPATH\Common.php(1190): CodeIgniter\View\View->render('layout/v_content', [], true)
 9 APPPATH\Views\layout\v_wrapper.php(5): view('layout/v_content')
10 SYSTEMPATH\View\View.php(228): include('C:\\xampp\\htdocs\\stok_gudang\\app\\Views\\layout\\v_wrapper.php')
11 SYSTEMPATH\View\View.php(231): CodeIgniter\View\View->CodeIgniter\View\{closure}()
12 SYSTEMPATH\Common.php(1190): CodeIgniter\View\View->render('layout/v_wrapper', [], true)
13 APPPATH\Controllers\Produk.php(23): view('layout/v_wrapper', [...])
14 SYSTEMPATH\CodeIgniter.php(942): App\Controllers\Produk->index()
15 SYSTEMPATH\CodeIgniter.php(502): CodeIgniter\CodeIgniter->runController(Object(App\Controllers\Produk))
16 SYSTEMPATH\CodeIgniter.php(361): CodeIgniter\CodeIgniter->handleRequest(null, Object(Config\Cache), false)
17 FCPATH\index.php(79): CodeIgniter\CodeIgniter->run()
CRITICAL - 2023-12-16 04:55:41 --> Undefined variable $produk
in APPPATH\Views\cabang\v_cabang.php on line 28.
 1 APPPATH\Views\cabang\v_cabang.php(28): CodeIgniter\Debug\Exceptions->errorHandler(2, 'Undefined variable $produk', 'C:\\xampp\\htdocs\\stok_gudang\\app\\Views\\cabang\\v_cabang.php', 28)
 2 SYSTEMPATH\View\View.php(228): include('C:\\xampp\\htdocs\\stok_gudang\\app\\Views\\cabang\\v_cabang.php')
 3 SYSTEMPATH\View\View.php(231): CodeIgniter\View\View->CodeIgniter\View\{closure}()
 4 SYSTEMPATH\Common.php(1190): CodeIgniter\View\View->render('cabang/v_cabang', [], true)
 5 APPPATH\Views\layout\v_content.php(3): view('cabang/v_cabang')
 6 SYSTEMPATH\View\View.php(228): include('C:\\xampp\\htdocs\\stok_gudang\\app\\Views\\layout\\v_content.php')
 7 SYSTEMPATH\View\View.php(231): CodeIgniter\View\View->CodeIgniter\View\{closure}()
 8 SYSTEMPATH\Common.php(1190): CodeIgniter\View\View->render('layout/v_content', [], true)
 9 APPPATH\Views\layout\v_wrapper.php(5): view('layout/v_content')
10 SYSTEMPATH\View\View.php(228): include('C:\\xampp\\htdocs\\stok_gudang\\app\\Views\\layout\\v_wrapper.php')
11 SYSTEMPATH\View\View.php(231): CodeIgniter\View\View->CodeIgniter\View\{closure}()
12 SYSTEMPATH\Common.php(1190): CodeIgniter\View\View->render('layout/v_wrapper', [], true)
13 APPPATH\Controllers\Cabang.php(14): view('layout/v_wrapper', [...])
14 SYSTEMPATH\CodeIgniter.php(942): App\Controllers\Cabang->index()
15 SYSTEMPATH\CodeIgniter.php(502): CodeIgniter\CodeIgniter->runController(Object(App\Controllers\Cabang))
16 SYSTEMPATH\CodeIgniter.php(361): CodeIgniter\CodeIgniter->handleRequest(null, Object(Config\Cache), false)
17 FCPATH\index.php(79): CodeIgniter\CodeIgniter->run()
CRITICAL - 2023-12-16 04:59:01 --> Undefined array key "alamat_produk"
in APPPATH\Views\cabang\v_cabang.php on line 35.
 1 APPPATH\Views\cabang\v_cabang.php(35): CodeIgniter\Debug\Exceptions->errorHandler(2, 'Undefined array key "alamat_produk"', 'C:\\xampp\\htdocs\\stok_gudang\\app\\Views\\cabang\\v_cabang.php', 35)
 2 SYSTEMPATH\View\View.php(228): include('C:\\xampp\\htdocs\\stok_gudang\\app\\Views\\cabang\\v_cabang.php')
 3 SYSTEMPATH\View\View.php(231): CodeIgniter\View\View->CodeIgniter\View\{closure}()
 4 SYSTEMPATH\Common.php(1190): CodeIgniter\View\View->render('cabang/v_cabang', [], true)
 5 APPPATH\Views\layout\v_content.php(3): view('cabang/v_cabang')
 6 SYSTEMPATH\View\View.php(228): include('C:\\xampp\\htdocs\\stok_gudang\\app\\Views\\layout\\v_content.php')
 7 SYSTEMPATH\View\View.php(231): CodeIgniter\View\View->CodeIgniter\View\{closure}()
 8 SYSTEMPATH\Common.php(1190): CodeIgniter\View\View->render('layout/v_content', [], true)
 9 APPPATH\Views\layout\v_wrapper.php(5): view('layout/v_content')
10 SYSTEMPATH\View\View.php(228): include('C:\\xampp\\htdocs\\stok_gudang\\app\\Views\\layout\\v_wrapper.php')
11 SYSTEMPATH\View\View.php(231): CodeIgniter\View\View->CodeIgniter\View\{closure}()
12 SYSTEMPATH\Common.php(1190): CodeIgniter\View\View->render('layout/v_wrapper', [], true)
13 APPPATH\Controllers\Cabang.php(23): view('layout/v_wrapper', [...])
14 SYSTEMPATH\CodeIgniter.php(942): App\Controllers\Cabang->index()
15 SYSTEMPATH\CodeIgniter.php(502): CodeIgniter\CodeIgniter->runController(Object(App\Controllers\Cabang))
16 SYSTEMPATH\CodeIgniter.php(361): CodeIgniter\CodeIgniter->handleRequest(null, Object(Config\Cache), false)
17 FCPATH\index.php(79): CodeIgniter\CodeIgniter->run()
CRITICAL - 2023-12-16 04:59:02 --> Undefined array key "alamat_produk"
in APPPATH\Views\cabang\v_cabang.php on line 35.
 1 APPPATH\Views\cabang\v_cabang.php(35): CodeIgniter\Debug\Exceptions->errorHandler(2, 'Undefined array key "alamat_produk"', 'C:\\xampp\\htdocs\\stok_gudang\\app\\Views\\cabang\\v_cabang.php', 35)
 2 SYSTEMPATH\View\View.php(228): include('C:\\xampp\\htdocs\\stok_gudang\\app\\Views\\cabang\\v_cabang.php')
 3 SYSTEMPATH\View\View.php(231): CodeIgniter\View\View->CodeIgniter\View\{closure}()
 4 SYSTEMPATH\Common.php(1190): CodeIgniter\View\View->render('cabang/v_cabang', [], true)
 5 APPPATH\Views\layout\v_content.php(3): view('cabang/v_cabang')
 6 SYSTEMPATH\View\View.php(228): include('C:\\xampp\\htdocs\\stok_gudang\\app\\Views\\layout\\v_content.php')
 7 SYSTEMPATH\View\View.php(231): CodeIgniter\View\View->CodeIgniter\View\{closure}()
 8 SYSTEMPATH\Common.php(1190): CodeIgniter\View\View->render('layout/v_content', [], true)
 9 APPPATH\Views\layout\v_wrapper.php(5): view('layout/v_content')
10 SYSTEMPATH\View\View.php(228): include('C:\\xampp\\htdocs\\stok_gudang\\app\\Views\\layout\\v_wrapper.php')
11 SYSTEMPATH\View\View.php(231): CodeIgniter\View\View->CodeIgniter\View\{closure}()
12 SYSTEMPATH\Common.php(1190): CodeIgniter\View\View->render('layout/v_wrapper', [], true)
13 APPPATH\Controllers\Cabang.php(23): view('layout/v_wrapper', [...])
14 SYSTEMPATH\CodeIgniter.php(942): App\Controllers\Cabang->index()
15 SYSTEMPATH\CodeIgniter.php(502): CodeIgniter\CodeIgniter->runController(Object(App\Controllers\Cabang))
16 SYSTEMPATH\CodeIgniter.php(361): CodeIgniter\CodeIgniter->handleRequest(null, Object(Config\Cache), false)
17 FCPATH\index.php(79): CodeIgniter\CodeIgniter->run()
CRITICAL - 2023-12-16 05:32:55 --> Call to undefined function form_open_multipart()
in APPPATH\Views\produk\v_add.php on line 11.
 1 SYSTEMPATH\View\View.php(228): include()
 2 SYSTEMPATH\View\View.php(231): CodeIgniter\View\View->CodeIgniter\View\{closure}()
 3 SYSTEMPATH\Common.php(1190): CodeIgniter\View\View->render('produk/v_add', [], true)
 4 APPPATH\Views\layout\v_content.php(3): view('produk/v_add')
 5 SYSTEMPATH\View\View.php(228): include('C:\\xampp\\htdocs\\stok_gudang\\app\\Views\\layout\\v_content.php')
 6 SYSTEMPATH\View\View.php(231): CodeIgniter\View\View->CodeIgniter\View\{closure}()
 7 SYSTEMPATH\Common.php(1190): CodeIgniter\View\View->render('layout/v_content', [], true)
 8 APPPATH\Views\layout\v_wrapper.php(5): view('layout/v_content')
 9 SYSTEMPATH\View\View.php(228): include('C:\\xampp\\htdocs\\stok_gudang\\app\\Views\\layout\\v_wrapper.php')
10 SYSTEMPATH\View\View.php(231): CodeIgniter\View\View->CodeIgniter\View\{closure}()
11 SYSTEMPATH\Common.php(1190): CodeIgniter\View\View->render('layout/v_wrapper', [], true)
12 APPPATH\Controllers\Produk.php(33): view('layout/v_wrapper', [...])
13 SYSTEMPATH\CodeIgniter.php(942): App\Controllers\Produk->add()
14 SYSTEMPATH\CodeIgniter.php(502): CodeIgniter\CodeIgniter->runController(Object(App\Controllers\Produk))
15 SYSTEMPATH\CodeIgniter.php(361): CodeIgniter\CodeIgniter->handleRequest(null, Object(Config\Cache), false)
16 FCPATH\index.php(79): CodeIgniter\CodeIgniter->run()
